2015-04-15 08:17:24 Error: Fatal Error (1): Call to a member function allow() on null in [/opt/lampp/htdocs/project1/cakephp-2.6.3/app/Controller/ContentController.php, line 9]
2015-04-15 08:17:24 Error: [FatalErrorException] Call to a member function allow() on null
Request URL: /project1/cakephp-2.6.3/
Stack Trace:
#0 /opt/lampp/htdocs/project1/cakephp-2.6.3/lib/Cake/Error/ErrorHandler.php(213): ErrorHandler::handleFatalError(1, 'Call to a membe...', '/opt/lampp/htdo...', 9)
#1 [internal function]: ErrorHandler::handleError(1, 'Call to a membe...', '/opt/lampp/htdo...', 9, Array)
#2 /opt/lampp/htdocs/project1/cakephp-2.6.3/lib/Cake/Core/App.php(931): call_user_func('ErrorHandler::h...', 1, 'Call to a membe...', '/opt/lampp/htdo...', 9, Array)
#3 /opt/lampp/htdocs/project1/cakephp-2.6.3/lib/Cake/Core/App.php(904): App::_checkFatalError()
#4 [internal function]: App::shutdown()
#5 {main}
2015-04-15 08:17:53 Error: [MissingTableException] Table contents for model Content was not found in datasource default.
Exception Attributes: array (
  'table' => 'contents',
  'class' => 'Content',
  'ds' => 'default',
)
Request URL: /project1/cakephp-2.6.3/
Stack Trace:
#0 /opt/lampp/htdocs/project1/cakephp-2.6.3/lib/Cake/Model/Model.php(3644): Model->setSource('contents')
#1 /opt/lampp/htdocs/project1/cakephp-2.6.3/lib/Cake/Model/Model.php(3022): Model->getDataSource()
#2 /opt/lampp/htdocs/project1/cakephp-2.6.3/lib/Cake/Model/Model.php(2994): Model->_readDataSource('all', Array)
#3 /opt/lampp/htdocs/project1/cakephp-2.6.3/app/Controller/ContentController.php(9): Model->find('all', Array)
#4 [internal function]: ContentController->index()
#5 /opt/lampp/htdocs/project1/cakephp-2.6.3/lib/Cake/Controller/Controller.php(490): ReflectionMethod->invokeArgs(Object(ContentController), Array)
#6 /opt/lampp/htdocs/project1/cakephp-2.6.3/lib/Cake/Routing/Dispatcher.php(193): Controller->invokeAction(Object(CakeRequest))
#7 /opt/lampp/htdocs/project1/cakephp-2.6.3/lib/Cake/Routing/Dispatcher.php(167): Dispatcher->_invoke(Object(ContentController), Object(CakeRequest))
#8 /opt/lampp/htdocs/project1/cakephp-2.6.3/app/webroot/index.php(118): Dispatcher->dispatch(Object(CakeRequest), Object(CakeResponse))
#9 {main}
2015-04-15 08:18:24 Error: Fatal Error (1): Call to a member function allow() on null in [/opt/lampp/htdocs/project1/cakephp-2.6.3/app/Controller/ContentController.php, line 9]
2015-04-15 08:18:24 Error: [FatalErrorException] Call to a member function allow() on null
Request URL: /project1/cakephp-2.6.3/
Stack Trace:
#0 /opt/lampp/htdocs/project1/cakephp-2.6.3/lib/Cake/Error/ErrorHandler.php(213): ErrorHandler::handleFatalError(1, 'Call to a membe...', '/opt/lampp/htdo...', 9)
#1 [internal function]: ErrorHandler::handleError(1, 'Call to a membe...', '/opt/lampp/htdo...', 9, Array)
#2 /opt/lampp/htdocs/project1/cakephp-2.6.3/lib/Cake/Core/App.php(931): call_user_func('ErrorHandler::h...', 1, 'Call to a membe...', '/opt/lampp/htdo...', 9, Array)
#3 /opt/lampp/htdocs/project1/cakephp-2.6.3/lib/Cake/Core/App.php(904): App::_checkFatalError()
#4 [internal function]: App::shutdown()
#5 {main}
2015-04-15 08:20:00 Error: [MissingTableException] Table contents for model Content was not found in datasource default.
Exception Attributes: array (
  'table' => 'contents',
  'class' => 'Content',
  'ds' => 'default',
)
Request URL: /project1/cakephp-2.6.3/
Stack Trace:
#0 /opt/lampp/htdocs/project1/cakephp-2.6.3/lib/Cake/Model/Model.php(3644): Model->setSource('contents')
#1 /opt/lampp/htdocs/project1/cakephp-2.6.3/lib/Cake/Model/Model.php(3022): Model->getDataSource()
#2 /opt/lampp/htdocs/project1/cakephp-2.6.3/lib/Cake/Model/Model.php(2994): Model->_readDataSource('all', Array)
#3 /opt/lampp/htdocs/project1/cakephp-2.6.3/app/Controller/ContentController.php(9): Model->find('all', Array)
#4 [internal function]: ContentController->index()
#5 /opt/lampp/htdocs/project1/cakephp-2.6.3/lib/Cake/Controller/Controller.php(490): ReflectionMethod->invokeArgs(Object(ContentController), Array)
#6 /opt/lampp/htdocs/project1/cakephp-2.6.3/lib/Cake/Routing/Dispatcher.php(193): Controller->invokeAction(Object(CakeRequest))
#7 /opt/lampp/htdocs/project1/cakephp-2.6.3/lib/Cake/Routing/Dispatcher.php(167): Dispatcher->_invoke(Object(ContentController), Object(CakeRequest))
#8 /opt/lampp/htdocs/project1/cakephp-2.6.3/app/webroot/index.php(118): Dispatcher->dispatch(Object(CakeRequest), Object(CakeResponse))
#9 {main}
2015-04-15 08:20:58 Error: [MissingTableException] Table contents for model Content was not found in datasource default.
Exception Attributes: array (
  'table' => 'contents',
  'class' => 'Content',
  'ds' => 'default',
)
Request URL: /project1/cakephp-2.6.3/
Stack Trace:
#0 /opt/lampp/htdocs/project1/cakephp-2.6.3/lib/Cake/Model/Model.php(3644): Model->setSource('contents')
#1 /opt/lampp/htdocs/project1/cakephp-2.6.3/lib/Cake/Model/Model.php(3022): Model->getDataSource()
#2 /opt/lampp/htdocs/project1/cakephp-2.6.3/lib/Cake/Model/Model.php(2994): Model->_readDataSource('all', Array)
#3 /opt/lampp/htdocs/project1/cakephp-2.6.3/app/Controller/ContentController.php(9): Model->find('all')
#4 [internal function]: ContentController->index()
#5 /opt/lampp/htdocs/project1/cakephp-2.6.3/lib/Cake/Controller/Controller.php(490): ReflectionMethod->invokeArgs(Object(ContentController), Array)
#6 /opt/lampp/htdocs/project1/cakephp-2.6.3/lib/Cake/Routing/Dispatcher.php(193): Controller->invokeAction(Object(CakeRequest))
#7 /opt/lampp/htdocs/project1/cakephp-2.6.3/lib/Cake/Routing/Dispatcher.php(167): Dispatcher->_invoke(Object(ContentController), Object(CakeRequest))
#8 /opt/lampp/htdocs/project1/cakephp-2.6.3/app/webroot/index.php(118): Dispatcher->dispatch(Object(CakeRequest), Object(CakeResponse))
#9 {main}
2015-04-15 08:26:57 Error: [MissingControllerException] Controller class ContentController could not be found.
Exception Attributes: array (
  'class' => 'ContentController',
  'plugin' => NULL,
)
Request URL: /project1/cakephp-2.6.3/
Stack Trace:
#0 /opt/lampp/htdocs/project1/cakephp-2.6.3/app/webroot/index.php(118): Dispatcher->dispatch(Object(CakeRequest), Object(CakeResponse))
#1 {main}
2015-04-15 08:27:50 Error: [MissingControllerException] Controller class ContentController could not be found.
Exception Attributes: array (
  'class' => 'ContentController',
  'plugin' => NULL,
)
Request URL: /project1/cakephp-2.6.3/
Stack Trace:
#0 /opt/lampp/htdocs/project1/cakephp-2.6.3/app/webroot/index.php(118): Dispatcher->dispatch(Object(CakeRequest), Object(CakeResponse))
#1 {main}
2015-04-15 08:28:08 Error: Fatal Error (1): Call to a member function find() on null in [/opt/lampp/htdocs/project1/cakephp-2.6.3/app/Controller/DemoController.php, line 9]
2015-04-15 08:28:08 Error: [FatalErrorException] Call to a member function find() on null
Request URL: /project1/cakephp-2.6.3/
Stack Trace:
#0 /opt/lampp/htdocs/project1/cakephp-2.6.3/lib/Cake/Error/ErrorHandler.php(213): ErrorHandler::handleFatalError(1, 'Call to a membe...', '/opt/lampp/htdo...', 9)
#1 [internal function]: ErrorHandler::handleError(1, 'Call to a membe...', '/opt/lampp/htdo...', 9, Array)
#2 /opt/lampp/htdocs/project1/cakephp-2.6.3/lib/Cake/Core/App.php(931): call_user_func('ErrorHandler::h...', 1, 'Call to a membe...', '/opt/lampp/htdo...', 9, Array)
#3 /opt/lampp/htdocs/project1/cakephp-2.6.3/lib/Cake/Core/App.php(904): App::_checkFatalError()
#4 [internal function]: App::shutdown()
#5 {main}
2015-04-15 08:29:56 Error: Fatal Error (1): Call to a member function find() on null in [/opt/lampp/htdocs/project1/cakephp-2.6.3/app/Controller/DemoController.php, line 9]
2015-04-15 08:29:56 Error: [FatalErrorException] Call to a member function find() on null
Request URL: /project1/cakephp-2.6.3/
Stack Trace:
#0 /opt/lampp/htdocs/project1/cakephp-2.6.3/lib/Cake/Error/ErrorHandler.php(213): ErrorHandler::handleFatalError(1, 'Call to a membe...', '/opt/lampp/htdo...', 9)
#1 [internal function]: ErrorHandler::handleError(1, 'Call to a membe...', '/opt/lampp/htdo...', 9, Array)
#2 /opt/lampp/htdocs/project1/cakephp-2.6.3/lib/Cake/Core/App.php(931): call_user_func('ErrorHandler::h...', 1, 'Call to a membe...', '/opt/lampp/htdo...', 9, Array)
#3 /opt/lampp/htdocs/project1/cakephp-2.6.3/lib/Cake/Core/App.php(904): App::_checkFatalError()
#4 [internal function]: App::shutdown()
#5 {main}
2015-04-15 08:30:33 Error: [MissingTableException] Table demos for model Demo was not found in datasource default.
Exception Attributes: array (
  'table' => 'demos',
  'class' => 'Demo',
  'ds' => 'default',
)
Request URL: /project1/cakephp-2.6.3/
Stack Trace:
#0 /opt/lampp/htdocs/project1/cakephp-2.6.3/lib/Cake/Model/Model.php(3644): Model->setSource('demos')
#1 /opt/lampp/htdocs/project1/cakephp-2.6.3/lib/Cake/Model/Model.php(3022): Model->getDataSource()
#2 /opt/lampp/htdocs/project1/cakephp-2.6.3/lib/Cake/Model/Model.php(2994): Model->_readDataSource('all', Array)
#3 /opt/lampp/htdocs/project1/cakephp-2.6.3/app/Controller/DemoController.php(9): Model->find('all')
#4 [internal function]: DemoController->index()
#5 /opt/lampp/htdocs/project1/cakephp-2.6.3/lib/Cake/Controller/Controller.php(490): ReflectionMethod->invokeArgs(Object(DemoController), Array)
#6 /opt/lampp/htdocs/project1/cakephp-2.6.3/lib/Cake/Routing/Dispatcher.php(193): Controller->invokeAction(Object(CakeRequest))
#7 /opt/lampp/htdocs/project1/cakephp-2.6.3/lib/Cake/Routing/Dispatcher.php(167): Dispatcher->_invoke(Object(DemoController), Object(CakeRequest))
#8 /opt/lampp/htdocs/project1/cakephp-2.6.3/app/webroot/index.php(118): Dispatcher->dispatch(Object(CakeRequest), Object(CakeResponse))
#9 {main}
2015-04-15 08:30:45 Error: Fatal Error (1): Call to a member function find() on null in [/opt/lampp/htdocs/project1/cakephp-2.6.3/app/Controller/DemoController.php, line 9]
2015-04-15 08:30:45 Error: [FatalErrorException] Call to a member function find() on null
Request URL: /project1/cakephp-2.6.3/
Stack Trace:
#0 /opt/lampp/htdocs/project1/cakephp-2.6.3/lib/Cake/Error/ErrorHandler.php(213): ErrorHandler::handleFatalError(1, 'Call to a membe...', '/opt/lampp/htdo...', 9)
#1 [internal function]: ErrorHandler::handleError(1, 'Call to a membe...', '/opt/lampp/htdo...', 9, Array)
#2 /opt/lampp/htdocs/project1/cakephp-2.6.3/lib/Cake/Core/App.php(931): call_user_func('ErrorHandler::h...', 1, 'Call to a membe...', '/opt/lampp/htdo...', 9, Array)
#3 /opt/lampp/htdocs/project1/cakephp-2.6.3/lib/Cake/Core/App.php(904): App::_checkFatalError()
#4 [internal function]: App::shutdown()
#5 {main}
2015-04-15 08:31:04 Error: Fatal Error (1): Call to a member function findAll() on null in [/opt/lampp/htdocs/project1/cakephp-2.6.3/app/Controller/DemoController.php, line 9]
2015-04-15 08:31:04 Error: [FatalErrorException] Call to a member function findAll() on null
Request URL: /project1/cakephp-2.6.3/
Stack Trace:
#0 /opt/lampp/htdocs/project1/cakephp-2.6.3/lib/Cake/Error/ErrorHandler.php(213): ErrorHandler::handleFatalError(1, 'Call to a membe...', '/opt/lampp/htdo...', 9)
#1 [internal function]: ErrorHandler::handleError(1, 'Call to a membe...', '/opt/lampp/htdo...', 9, Array)
#2 /opt/lampp/htdocs/project1/cakephp-2.6.3/lib/Cake/Core/App.php(931): call_user_func('ErrorHandler::h...', 1, 'Call to a membe...', '/opt/lampp/htdo...', 9, Array)
#3 /opt/lampp/htdocs/project1/cakephp-2.6.3/lib/Cake/Core/App.php(904): App::_checkFatalError()
#4 [internal function]: App::shutdown()
#5 {main}
2015-04-15 08:31:47 Error: Fatal Error (1): Call to a member function find() on null in [/opt/lampp/htdocs/project1/cakephp-2.6.3/app/Controller/DemoController.php, line 9]
2015-04-15 08:31:47 Error: [FatalErrorException] Call to a member function find() on null
Request URL: /project1/cakephp-2.6.3/
Stack Trace:
#0 /opt/lampp/htdocs/project1/cakephp-2.6.3/lib/Cake/Error/ErrorHandler.php(213): ErrorHandler::handleFatalError(1, 'Call to a membe...', '/opt/lampp/htdo...', 9)
#1 [internal function]: ErrorHandler::handleError(1, 'Call to a membe...', '/opt/lampp/htdo...', 9, Array)
#2 /opt/lampp/htdocs/project1/cakephp-2.6.3/lib/Cake/Core/App.php(931): call_user_func('ErrorHandler::h...', 1, 'Call to a membe...', '/opt/lampp/htdo...', 9, Array)
#3 /opt/lampp/htdocs/project1/cakephp-2.6.3/lib/Cake/Core/App.php(904): App::_checkFatalError()
#4 [internal function]: App::shutdown()
#5 {main}
2015-04-15 08:32:30 Error: Fatal Error (1): Call to a member function find() on null in [/opt/lampp/htdocs/project1/cakephp-2.6.3/app/Controller/DemoController.php, line 9]
2015-04-15 08:32:30 Error: [FatalErrorException] Call to a member function find() on null
Request URL: /project1/cakephp-2.6.3/
Stack Trace:
#0 /opt/lampp/htdocs/project1/cakephp-2.6.3/lib/Cake/Error/ErrorHandler.php(213): ErrorHandler::handleFatalError(1, 'Call to a membe...', '/opt/lampp/htdo...', 9)
#1 [internal function]: ErrorHandler::handleError(1, 'Call to a membe...', '/opt/lampp/htdo...', 9, Array)
#2 /opt/lampp/htdocs/project1/cakephp-2.6.3/lib/Cake/Core/App.php(931): call_user_func('ErrorHandler::h...', 1, 'Call to a membe...', '/opt/lampp/htdo...', 9, Array)
#3 /opt/lampp/htdocs/project1/cakephp-2.6.3/lib/Cake/Core/App.php(904): App::_checkFatalError()
#4 [internal function]: App::shutdown()
#5 {main}
2015-04-15 08:34:57 Error: [MissingTableException] Table demos for model Demo was not found in datasource default.
Exception Attributes: array (
  'table' => 'demos',
  'class' => 'Demo',
  'ds' => 'default',
)
Request URL: /project1/cakephp-2.6.3/
Stack Trace:
#0 /opt/lampp/htdocs/project1/cakephp-2.6.3/lib/Cake/Model/Model.php(3644): Model->setSource('demos')
#1 /opt/lampp/htdocs/project1/cakephp-2.6.3/lib/Cake/Model/Model.php(3022): Model->getDataSource()
#2 /opt/lampp/htdocs/project1/cakephp-2.6.3/lib/Cake/Model/Model.php(2994): Model->_readDataSource('all', Array)
#3 /opt/lampp/htdocs/project1/cakephp-2.6.3/app/Controller/DemoController.php(9): Model->find('all')
#4 [internal function]: DemoController->index()
#5 /opt/lampp/htdocs/project1/cakephp-2.6.3/lib/Cake/Controller/Controller.php(490): ReflectionMethod->invokeArgs(Object(DemoController), Array)
#6 /opt/lampp/htdocs/project1/cakephp-2.6.3/lib/Cake/Routing/Dispatcher.php(193): Controller->invokeAction(Object(CakeRequest))
#7 /opt/lampp/htdocs/project1/cakephp-2.6.3/lib/Cake/Routing/Dispatcher.php(167): Dispatcher->_invoke(Object(DemoController), Object(CakeRequest))
#8 /opt/lampp/htdocs/project1/cakephp-2.6.3/app/webroot/index.php(118): Dispatcher->dispatch(Object(CakeRequest), Object(CakeResponse))
#9 {main}
2015-04-15 08:35:11 Error: Fatal Error (1): Call to a member function find() on null in [/opt/lampp/htdocs/project1/cakephp-2.6.3/app/Controller/DemoController.php, line 9]
2015-04-15 08:35:11 Error: [FatalErrorException] Call to a member function find() on null
Request URL: /project1/cakephp-2.6.3/
Stack Trace:
#0 /opt/lampp/htdocs/project1/cakephp-2.6.3/lib/Cake/Error/ErrorHandler.php(213): ErrorHandler::handleFatalError(1, 'Call to a membe...', '/opt/lampp/htdo...', 9)
#1 [internal function]: ErrorHandler::handleError(1, 'Call to a membe...', '/opt/lampp/htdo...', 9, Array)
#2 /opt/lampp/htdocs/project1/cakephp-2.6.3/lib/Cake/Core/App.php(931): call_user_func('ErrorHandler::h...', 1, 'Call to a membe...', '/opt/lampp/htdo...', 9, Array)
#3 /opt/lampp/htdocs/project1/cakephp-2.6.3/lib/Cake/Core/App.php(904): App::_checkFatalError()
#4 [internal function]: App::shutdown()
#5 {main}
2015-04-15 08:36:19 Error: Fatal Error (1): Call to a member function find() on null in [/opt/lampp/htdocs/project1/cakephp-2.6.3/app/Controller/DemoController.php, line 9]
2015-04-15 08:36:19 Error: [FatalErrorException] Call to a member function find() on null
Request URL: /project1/cakephp-2.6.3/
Stack Trace:
#0 /opt/lampp/htdocs/project1/cakephp-2.6.3/lib/Cake/Error/ErrorHandler.php(213): ErrorHandler::handleFatalError(1, 'Call to a membe...', '/opt/lampp/htdo...', 9)
#1 [internal function]: ErrorHandler::handleError(1, 'Call to a membe...', '/opt/lampp/htdo...', 9, Array)
#2 /opt/lampp/htdocs/project1/cakephp-2.6.3/lib/Cake/Core/App.php(931): call_user_func('ErrorHandler::h...', 1, 'Call to a membe...', '/opt/lampp/htdo...', 9, Array)
#3 /opt/lampp/htdocs/project1/cakephp-2.6.3/lib/Cake/Core/App.php(904): App::_checkFatalError()
#4 [internal function]: App::shutdown()
#5 {main}
2015-04-15 08:40:33 Error: [MissingControllerException] Controller class DemoController could not be found.
Exception Attributes: array (
  'class' => 'DemoController',
  'plugin' => NULL,
)
Request URL: /project1/cakephp-2.6.3/
Stack Trace:
#0 /opt/lampp/htdocs/project1/cakephp-2.6.3/app/webroot/index.php(118): Dispatcher->dispatch(Object(CakeRequest), Object(CakeResponse))
#1 {main}
2015-04-15 08:41:44 Error: Fatal Error (1): Call to a member function find() on null in [/opt/lampp/htdocs/project1/cakephp-2.6.3/app/Controller/DemosController.php, line 9]
2015-04-15 08:41:44 Error: [FatalErrorException] Call to a member function find() on null
Request URL: /project1/cakephp-2.6.3/
Stack Trace:
#0 /opt/lampp/htdocs/project1/cakephp-2.6.3/lib/Cake/Error/ErrorHandler.php(213): ErrorHandler::handleFatalError(1, 'Call to a membe...', '/opt/lampp/htdo...', 9)
#1 [internal function]: ErrorHandler::handleError(1, 'Call to a membe...', '/opt/lampp/htdo...', 9, Array)
#2 /opt/lampp/htdocs/project1/cakephp-2.6.3/lib/Cake/Core/App.php(931): call_user_func('ErrorHandler::h...', 1, 'Call to a membe...', '/opt/lampp/htdo...', 9, Array)
#3 /opt/lampp/htdocs/project1/cakephp-2.6.3/lib/Cake/Core/App.php(904): App::_checkFatalError()
#4 [internal function]: App::shutdown()
#5 {main}
2015-04-15 08:43:04 Error: Fatal Error (1): Call to a member function find() on null in [/opt/lampp/htdocs/project1/cakephp-2.6.3/app/Controller/DemosController.php, line 9]
2015-04-15 08:43:04 Error: [FatalErrorException] Call to a member function find() on null
Request URL: /project1/cakephp-2.6.3/
Stack Trace:
#0 /opt/lampp/htdocs/project1/cakephp-2.6.3/lib/Cake/Error/ErrorHandler.php(213): ErrorHandler::handleFatalError(1, 'Call to a membe...', '/opt/lampp/htdo...', 9)
#1 [internal function]: ErrorHandler::handleError(1, 'Call to a membe...', '/opt/lampp/htdo...', 9, Array)
#2 /opt/lampp/htdocs/project1/cakephp-2.6.3/lib/Cake/Core/App.php(931): call_user_func('ErrorHandler::h...', 1, 'Call to a membe...', '/opt/lampp/htdo...', 9, Array)
#3 /opt/lampp/htdocs/project1/cakephp-2.6.3/lib/Cake/Core/App.php(904): App::_checkFatalError()
#4 [internal function]: App::shutdown()
#5 {main}
2015-04-15 08:46:16 Error: [MissingViewException] View file "Demos/index.ctp" is missing.
Exception Attributes: array (
  'file' => 'Demos/index.ctp',
)
Request URL: /project1/cakephp-2.6.3/
Stack Trace:
#0 /opt/lampp/htdocs/project1/cakephp-2.6.3/lib/Cake/View/View.php(470): View->_getViewFileName(NULL)
#1 /opt/lampp/htdocs/project1/cakephp-2.6.3/lib/Cake/Controller/Controller.php(960): View->render(NULL, NULL)
#2 /opt/lampp/htdocs/project1/cakephp-2.6.3/lib/Cake/Routing/Dispatcher.php(200): Controller->render()
#3 /opt/lampp/htdocs/project1/cakephp-2.6.3/lib/Cake/Routing/Dispatcher.php(167): Dispatcher->_invoke(Object(DemosController), Object(CakeRequest))
#4 /opt/lampp/htdocs/project1/cakephp-2.6.3/app/webroot/index.php(118): Dispatcher->dispatch(Object(CakeRequest), Object(CakeResponse))
#5 {main}
2015-04-15 08:46:51 Error: Fatal Error (1): Call to a member function find() on null in [/opt/lampp/htdocs/project1/cakephp-2.6.3/app/Controller/DemosController.php, line 9]
2015-04-15 08:46:51 Error: [FatalErrorException] Call to a member function find() on null
Request URL: /project1/cakephp-2.6.3/
Stack Trace:
#0 /opt/lampp/htdocs/project1/cakephp-2.6.3/lib/Cake/Error/ErrorHandler.php(213): ErrorHandler::handleFatalError(1, 'Call to a membe...', '/opt/lampp/htdo...', 9)
#1 [internal function]: ErrorHandler::handleError(1, 'Call to a membe...', '/opt/lampp/htdo...', 9, Array)
#2 /opt/lampp/htdocs/project1/cakephp-2.6.3/lib/Cake/Core/App.php(931): call_user_func('ErrorHandler::h...', 1, 'Call to a membe...', '/opt/lampp/htdo...', 9, Array)
#3 /opt/lampp/htdocs/project1/cakephp-2.6.3/lib/Cake/Core/App.php(904): App::_checkFatalError()
#4 [internal function]: App::shutdown()
#5 {main}
2015-04-15 08:48:33 Error: [MissingTableException] Table demos for model Demo was not found in datasource default.
Exception Attributes: array (
  'table' => 'demos',
  'class' => 'Demo',
  'ds' => 'default',
)
Request URL: /project1/cakephp-2.6.3/
Stack Trace:
#0 /opt/lampp/htdocs/project1/cakephp-2.6.3/lib/Cake/Model/Model.php(3644): Model->setSource('demos')
#1 /opt/lampp/htdocs/project1/cakephp-2.6.3/lib/Cake/Model/Model.php(3022): Model->getDataSource()
#2 /opt/lampp/htdocs/project1/cakephp-2.6.3/lib/Cake/Model/Model.php(2994): Model->_readDataSource('all', Array)
#3 /opt/lampp/htdocs/project1/cakephp-2.6.3/app/Controller/DemosController.php(9): Model->find('all')
#4 [internal function]: DemosController->index()
#5 /opt/lampp/htdocs/project1/cakephp-2.6.3/lib/Cake/Controller/Controller.php(490): ReflectionMethod->invokeArgs(Object(DemosController), Array)
#6 /opt/lampp/htdocs/project1/cakephp-2.6.3/lib/Cake/Routing/Dispatcher.php(193): Controller->invokeAction(Object(CakeRequest))
#7 /opt/lampp/htdocs/project1/cakephp-2.6.3/lib/Cake/Routing/Dispatcher.php(167): Dispatcher->_invoke(Object(DemosController), Object(CakeRequest))
#8 /opt/lampp/htdocs/project1/cakephp-2.6.3/app/webroot/index.php(118): Dispatcher->dispatch(Object(CakeRequest), Object(CakeResponse))
#9 {main}
2015-04-15 08:51:00 Error: [MissingTableException] Table demos for model Demo was not found in datasource default.
Exception Attributes: array (
  'table' => 'demos',
  'class' => 'Demo',
  'ds' => 'default',
)
Request URL: /project1/cakephp-2.6.3/
Stack Trace:
#0 /opt/lampp/htdocs/project1/cakephp-2.6.3/lib/Cake/Model/Model.php(3644): Model->setSource('demos')
#1 /opt/lampp/htdocs/project1/cakephp-2.6.3/lib/Cake/Model/Model.php(3022): Model->getDataSource()
#2 /opt/lampp/htdocs/project1/cakephp-2.6.3/lib/Cake/Model/Model.php(2994): Model->_readDataSource('all', Array)
#3 /opt/lampp/htdocs/project1/cakephp-2.6.3/app/Controller/DemosController.php(9): Model->find('all')
#4 [internal function]: DemosController->index()
#5 /opt/lampp/htdocs/project1/cakephp-2.6.3/lib/Cake/Controller/Controller.php(490): ReflectionMethod->invokeArgs(Object(DemosController), Array)
#6 /opt/lampp/htdocs/project1/cakephp-2.6.3/lib/Cake/Routing/Dispatcher.php(193): Controller->invokeAction(Object(CakeRequest))
#7 /opt/lampp/htdocs/project1/cakephp-2.6.3/lib/Cake/Routing/Dispatcher.php(167): Dispatcher->_invoke(Object(DemosController), Object(CakeRequest))
#8 /opt/lampp/htdocs/project1/cakephp-2.6.3/app/webroot/index.php(118): Dispatcher->dispatch(Object(CakeRequest), Object(CakeResponse))
#9 {main}
2015-04-15 08:53:10 Error: [MissingControllerException] Controller class DemosController could not be found.
Exception Attributes: array (
  'class' => 'DemosController',
  'plugin' => NULL,
)
Request URL: /project1/cakephp-2.6.3/
Stack Trace:
#0 /opt/lampp/htdocs/project1/cakephp-2.6.3/app/webroot/index.php(118): Dispatcher->dispatch(Object(CakeRequest), Object(CakeResponse))
#1 {main}
2015-04-15 08:53:29 Error: [MissingControllerException] Controller class DemoController could not be found.
Exception Attributes: array (
  'class' => 'DemoController',
  'plugin' => NULL,
)
Request URL: /project1/cakephp-2.6.3/
Stack Trace:
#0 /opt/lampp/htdocs/project1/cakephp-2.6.3/app/webroot/index.php(118): Dispatcher->dispatch(Object(CakeRequest), Object(CakeResponse))
#1 {main}
2015-04-15 08:53:59 Error: [MissingTableException] Table demos for model Demo was not found in datasource default.
Exception Attributes: array (
  'table' => 'demos',
  'class' => 'Demo',
  'ds' => 'default',
)
Request URL: /project1/cakephp-2.6.3/
Stack Trace:
#0 /opt/lampp/htdocs/project1/cakephp-2.6.3/lib/Cake/Model/Model.php(3644): Model->setSource('demos')
#1 /opt/lampp/htdocs/project1/cakephp-2.6.3/lib/Cake/Model/Model.php(3022): Model->getDataSource()
#2 /opt/lampp/htdocs/project1/cakephp-2.6.3/lib/Cake/Model/Model.php(2994): Model->_readDataSource('all', Array)
#3 /opt/lampp/htdocs/project1/cakephp-2.6.3/app/Controller/DemoController.php(9): Model->find('all')
#4 [internal function]: DemoController->index()
#5 /opt/lampp/htdocs/project1/cakephp-2.6.3/lib/Cake/Controller/Controller.php(490): ReflectionMethod->invokeArgs(Object(DemoController), Array)
#6 /opt/lampp/htdocs/project1/cakephp-2.6.3/lib/Cake/Routing/Dispatcher.php(193): Controller->invokeAction(Object(CakeRequest))
#7 /opt/lampp/htdocs/project1/cakephp-2.6.3/lib/Cake/Routing/Dispatcher.php(167): Dispatcher->_invoke(Object(DemoController), Object(CakeRequest))
#8 /opt/lampp/htdocs/project1/cakephp-2.6.3/app/webroot/index.php(118): Dispatcher->dispatch(Object(CakeRequest), Object(CakeResponse))
#9 {main}
2015-04-15 09:06:53 Error: Fatal Error (4): syntax error, unexpected ')' in [/opt/lampp/htdocs/project1/cakephp-2.6.3/app/View/Demo/add.ctp, line 6]
2015-04-15 09:06:53 Error: [FatalErrorException] syntax error, unexpected ')'
Request URL: /project1/cakephp-2.6.3/demo/add
Stack Trace:
#0 /opt/lampp/htdocs/project1/cakephp-2.6.3/lib/Cake/Error/ErrorHandler.php(213): ErrorHandler::handleFatalError(4, 'syntax error, u...', '/opt/lampp/htdo...', 6)
#1 [internal function]: ErrorHandler::handleError(4, 'syntax error, u...', '/opt/lampp/htdo...', 6, Array)
#2 /opt/lampp/htdocs/project1/cakephp-2.6.3/lib/Cake/Core/App.php(931): call_user_func('ErrorHandler::h...', 4, 'syntax error, u...', '/opt/lampp/htdo...', 6, Array)
#3 /opt/lampp/htdocs/project1/cakephp-2.6.3/lib/Cake/Core/App.php(904): App::_checkFatalError()
#4 [internal function]: App::shutdown()
#5 {main}
2015-04-15 09:07:07 Error: [MissingControllerException] Controller class DemosController could not be found.
Exception Attributes: array (
  'class' => 'DemosController',
  'plugin' => NULL,
)
Request URL: /project1/cakephp-2.6.3/demos/add
Stack Trace:
#0 /opt/lampp/htdocs/project1/cakephp-2.6.3/app/webroot/index.php(118): Dispatcher->dispatch(Object(CakeRequest), Object(CakeResponse))
#1 {main}
2015-04-15 09:07:45 Error: [MissingControllerException] Controller class DemosController could not be found.
Exception Attributes: array (
  'class' => 'DemosController',
  'plugin' => NULL,
)
Request URL: /project1/cakephp-2.6.3/demos/add
Stack Trace:
#0 /opt/lampp/htdocs/project1/cakephp-2.6.3/app/webroot/index.php(118): Dispatcher->dispatch(Object(CakeRequest), Object(CakeResponse))
#1 {main}
2015-04-15 09:08:32 Error: [MissingControllerException] Controller class DemosController could not be found.
Exception Attributes: array (
  'class' => 'DemosController',
  'plugin' => NULL,
)
Request URL: /project1/cakephp-2.6.3/demos/add
Stack Trace:
#0 /opt/lampp/htdocs/project1/cakephp-2.6.3/app/webroot/index.php(118): Dispatcher->dispatch(Object(CakeRequest), Object(CakeResponse))
#1 {main}
2015-04-15 09:09:07 Error: [MissingControllerException] Controller class DemosController could not be found.
Exception Attributes: array (
  'class' => 'DemosController',
  'plugin' => NULL,
)
Request URL: /project1/cakephp-2.6.3/demos/add
Stack Trace:
#0 /opt/lampp/htdocs/project1/cakephp-2.6.3/app/webroot/index.php(118): Dispatcher->dispatch(Object(CakeRequest), Object(CakeResponse))
#1 {main}
2015-04-15 09:09:15 Error: [MissingViewException] View file "Demos/add.ctp" is missing.
Exception Attributes: array (
  'file' => 'Demos/add.ctp',
)
Request URL: /project1/cakephp-2.6.3/demos/add
Stack Trace:
#0 /opt/lampp/htdocs/project1/cakephp-2.6.3/lib/Cake/View/View.php(470): View->_getViewFileName(NULL)
#1 /opt/lampp/htdocs/project1/cakephp-2.6.3/lib/Cake/Controller/Controller.php(960): View->render(NULL, NULL)
#2 /opt/lampp/htdocs/project1/cakephp-2.6.3/lib/Cake/Routing/Dispatcher.php(200): Controller->render()
#3 /opt/lampp/htdocs/project1/cakephp-2.6.3/lib/Cake/Routing/Dispatcher.php(167): Dispatcher->_invoke(Object(DemosController), Object(CakeRequest))
#4 /opt/lampp/htdocs/project1/cakephp-2.6.3/app/webroot/index.php(118): Dispatcher->dispatch(Object(CakeRequest), Object(CakeResponse))
#5 {main}
2015-04-15 09:09:44 Error: [MissingViewException] View file "Demos/add.ctp" is missing.
Exception Attributes: array (
  'file' => 'Demos/add.ctp',
)
Request URL: /project1/cakephp-2.6.3/demos/add
Stack Trace:
#0 /opt/lampp/htdocs/project1/cakephp-2.6.3/lib/Cake/View/View.php(470): View->_getViewFileName(NULL)
#1 /opt/lampp/htdocs/project1/cakephp-2.6.3/lib/Cake/Controller/Controller.php(960): View->render(NULL, NULL)
#2 /opt/lampp/htdocs/project1/cakephp-2.6.3/lib/Cake/Routing/Dispatcher.php(200): Controller->render()
#3 /opt/lampp/htdocs/project1/cakephp-2.6.3/lib/Cake/Routing/Dispatcher.php(167): Dispatcher->_invoke(Object(DemosController), Object(CakeRequest))
#4 /opt/lampp/htdocs/project1/cakephp-2.6.3/app/webroot/index.php(118): Dispatcher->dispatch(Object(CakeRequest), Object(CakeResponse))
#5 {main}
2015-04-15 09:09:56 Error: [MissingViewException] View file "Demos/add.ctp" is missing.
Exception Attributes: array (
  'file' => 'Demos/add.ctp',
)
Request URL: /project1/cakephp-2.6.3/demos/add
Stack Trace:
#0 /opt/lampp/htdocs/project1/cakephp-2.6.3/lib/Cake/View/View.php(470): View->_getViewFileName(NULL)
#1 /opt/lampp/htdocs/project1/cakephp-2.6.3/lib/Cake/Controller/Controller.php(960): View->render(NULL, NULL)
#2 /opt/lampp/htdocs/project1/cakephp-2.6.3/lib/Cake/Routing/Dispatcher.php(200): Controller->render()
#3 /opt/lampp/htdocs/project1/cakephp-2.6.3/lib/Cake/Routing/Dispatcher.php(167): Dispatcher->_invoke(Object(DemosController), Object(CakeRequest))
#4 /opt/lampp/htdocs/project1/cakephp-2.6.3/app/webroot/index.php(118): Dispatcher->dispatch(Object(CakeRequest), Object(CakeResponse))
#5 {main}
2015-04-15 09:12:21 Error: [MissingControllerException] Controller class DemoController could not be found.
Exception Attributes: array (
  'class' => 'DemoController',
  'plugin' => NULL,
)
Request URL: /project1/cakephp-2.6.3/
Stack Trace:
#0 /opt/lampp/htdocs/project1/cakephp-2.6.3/app/webroot/index.php(118): Dispatcher->dispatch(Object(CakeRequest), Object(CakeResponse))
#1 {main}
2015-04-15 09:12:34 Error: [MissingControllerException] Controller class DemoController could not be found.
Exception Attributes: array (
  'class' => 'DemoController',
  'plugin' => NULL,
)
Request URL: /project1/cakephp-2.6.3/
Stack Trace:
#0 /opt/lampp/htdocs/project1/cakephp-2.6.3/app/webroot/index.php(118): Dispatcher->dispatch(Object(CakeRequest), Object(CakeResponse))
#1 {main}
2015-04-15 09:13:21 Error: Fatal Error (1): Call to a member function find() on null in [/opt/lampp/htdocs/project1/cakephp-2.6.3/app/Controller/DemosController.php, line 9]
2015-04-15 09:13:21 Error: [FatalErrorException] Call to a member function find() on null
Request URL: /project1/cakephp-2.6.3/
Stack Trace:
#0 /opt/lampp/htdocs/project1/cakephp-2.6.3/lib/Cake/Error/ErrorHandler.php(213): ErrorHandler::handleFatalError(1, 'Call to a membe...', '/opt/lampp/htdo...', 9)
#1 [internal function]: ErrorHandler::handleError(1, 'Call to a membe...', '/opt/lampp/htdo...', 9, Array)
#2 /opt/lampp/htdocs/project1/cakephp-2.6.3/lib/Cake/Core/App.php(931): call_user_func('ErrorHandler::h...', 1, 'Call to a membe...', '/opt/lampp/htdo...', 9, Array)
#3 /opt/lampp/htdocs/project1/cakephp-2.6.3/lib/Cake/Core/App.php(904): App::_checkFatalError()
#4 [internal function]: App::shutdown()
#5 {main}
2015-04-15 09:15:45 Error: [MissingHelperException] Helper class DemoHelper could not be found.
Exception Attributes: array (
  'class' => 'DemoHelper',
  'plugin' => false,
)
Request URL: /project1/cakephp-2.6.3/
Stack Trace:
#0 /opt/lampp/htdocs/project1/cakephp-2.6.3/lib/Cake/View/View.php(897): HelperCollection->load('Demo', Array)
#1 /opt/lampp/htdocs/project1/cakephp-2.6.3/lib/Cake/View/View.php(354): View->loadHelpers()
#2 /opt/lampp/htdocs/project1/cakephp-2.6.3/lib/Cake/Controller/Controller.php(1247): View->__construct(Object(DemosController))
#3 /opt/lampp/htdocs/project1/cakephp-2.6.3/lib/Cake/Controller/Controller.php(946): Controller->_getViewObject()
#4 /opt/lampp/htdocs/project1/cakephp-2.6.3/lib/Cake/Routing/Dispatcher.php(200): Controller->render()
#5 /opt/lampp/htdocs/project1/cakephp-2.6.3/lib/Cake/Routing/Dispatcher.php(167): Dispatcher->_invoke(Object(DemosController), Object(CakeRequest))
#6 /opt/lampp/htdocs/project1/cakephp-2.6.3/app/webroot/index.php(118): Dispatcher->dispatch(Object(CakeRequest), Object(CakeResponse))
#7 {main}
2015-04-15 09:19:27 Error: [NotFoundException] Invalid post
Request URL: /project1/cakephp-2.6.3/demos/edit
Stack Trace:
#0 [internal function]: DemosController->edit()
#1 /opt/lampp/htdocs/project1/cakephp-2.6.3/lib/Cake/Controller/Controller.php(490): ReflectionMethod->invokeArgs(Object(DemosController), Array)
#2 /opt/lampp/htdocs/project1/cakephp-2.6.3/lib/Cake/Routing/Dispatcher.php(193): Controller->invokeAction(Object(CakeRequest))
#3 /opt/lampp/htdocs/project1/cakephp-2.6.3/lib/Cake/Routing/Dispatcher.php(167): Dispatcher->_invoke(Object(DemosController), Object(CakeRequest))
#4 /opt/lampp/htdocs/project1/cakephp-2.6.3/app/webroot/index.php(118): Dispatcher->dispatch(Object(CakeRequest), Object(CakeResponse))
#5 {main}
2015-04-15 09:20:05 Error: [NotFoundException] Invalid post
Request URL: /project1/cakephp-2.6.3/demos/edit
Stack Trace:
#0 [internal function]: DemosController->edit()
#1 /opt/lampp/htdocs/project1/cakephp-2.6.3/lib/Cake/Controller/Controller.php(490): ReflectionMethod->invokeArgs(Object(DemosController), Array)
#2 /opt/lampp/htdocs/project1/cakephp-2.6.3/lib/Cake/Routing/Dispatcher.php(193): Controller->invokeAction(Object(CakeRequest))
#3 /opt/lampp/htdocs/project1/cakephp-2.6.3/lib/Cake/Routing/Dispatcher.php(167): Dispatcher->_invoke(Object(DemosController), Object(CakeRequest))
#4 /opt/lampp/htdocs/project1/cakephp-2.6.3/app/webroot/index.php(118): Dispatcher->dispatch(Object(CakeRequest), Object(CakeResponse))
#5 {main}
2015-04-15 09:25:13 Error: Fatal Error (1): Call to a member function delete() on null in [/opt/lampp/htdocs/project1/cakephp-2.6.3/app/Controller/DemosController.php, line 59]
2015-04-15 09:25:13 Error: [FatalErrorException] Call to a member function delete() on null
Request URL: /project1/cakephp-2.6.3/demos/delete_id
Stack Trace:
#0 /opt/lampp/htdocs/project1/cakephp-2.6.3/lib/Cake/Error/ErrorHandler.php(213): ErrorHandler::handleFatalError(1, 'Call to a membe...', '/opt/lampp/htdo...', 59)
#1 [internal function]: ErrorHandler::handleError(1, 'Call to a membe...', '/opt/lampp/htdo...', 59, Array)
#2 /opt/lampp/htdocs/project1/cakephp-2.6.3/lib/Cake/Core/App.php(931): call_user_func('ErrorHandler::h...', 1, 'Call to a membe...', '/opt/lampp/htdo...', 59, Array)
#3 /opt/lampp/htdocs/project1/cakephp-2.6.3/lib/Cake/Core/App.php(904): App::_checkFatalError()
#4 [internal function]: App::shutdown()
#5 {main}
2015-04-15 09:28:42 Error: Fatal Error (1): Call to a member function delete() on null in [/opt/lampp/htdocs/project1/cakephp-2.6.3/app/Controller/DemosController.php, line 59]
2015-04-15 09:28:42 Error: [FatalErrorException] Call to a member function delete() on null
Request URL: /project1/cakephp-2.6.3/demos/delete_id
Stack Trace:
#0 /opt/lampp/htdocs/project1/cakephp-2.6.3/lib/Cake/Error/ErrorHandler.php(213): ErrorHandler::handleFatalError(1, 'Call to a membe...', '/opt/lampp/htdo...', 59)
#1 [internal function]: ErrorHandler::handleError(1, 'Call to a membe...', '/opt/lampp/htdo...', 59, Array)
#2 /opt/lampp/htdocs/project1/cakephp-2.6.3/lib/Cake/Core/App.php(931): call_user_func('ErrorHandler::h...', 1, 'Call to a membe...', '/opt/lampp/htdo...', 59, Array)
#3 /opt/lampp/htdocs/project1/cakephp-2.6.3/lib/Cake/Core/App.php(904): App::_checkFatalError()
#4 [internal function]: App::shutdown()
#5 {main}
2015-04-15 09:28:47 Error: Fatal Error (1): Call to a member function delete() on null in [/opt/lampp/htdocs/project1/cakephp-2.6.3/app/Controller/DemosController.php, line 59]
2015-04-15 09:28:47 Error: [FatalErrorException] Call to a member function delete() on null
Request URL: /project1/cakephp-2.6.3/demos/delete_id
Stack Trace:
#0 /opt/lampp/htdocs/project1/cakephp-2.6.3/lib/Cake/Error/ErrorHandler.php(213): ErrorHandler::handleFatalError(1, 'Call to a membe...', '/opt/lampp/htdo...', 59)
#1 [internal function]: ErrorHandler::handleError(1, 'Call to a membe...', '/opt/lampp/htdo...', 59, Array)
#2 /opt/lampp/htdocs/project1/cakephp-2.6.3/lib/Cake/Core/App.php(931): call_user_func('ErrorHandler::h...', 1, 'Call to a membe...', '/opt/lampp/htdo...', 59, Array)
#3 /opt/lampp/htdocs/project1/cakephp-2.6.3/lib/Cake/Core/App.php(904): App::_checkFatalError()
#4 [internal function]: App::shutdown()
#5 {main}
2015-04-15 09:31:07 Error: [NotFoundException] Invalid post
Request URL: /project1/cakephp-2.6.3/demos/edit
Stack Trace:
#0 [internal function]: DemosController->edit()
#1 /opt/lampp/htdocs/project1/cakephp-2.6.3/lib/Cake/Controller/Controller.php(490): ReflectionMethod->invokeArgs(Object(DemosController), Array)
#2 /opt/lampp/htdocs/project1/cakephp-2.6.3/lib/Cake/Routing/Dispatcher.php(193): Controller->invokeAction(Object(CakeRequest))
#3 /opt/lampp/htdocs/project1/cakephp-2.6.3/lib/Cake/Routing/Dispatcher.php(167): Dispatcher->_invoke(Object(DemosController), Object(CakeRequest))
#4 /opt/lampp/htdocs/project1/cakephp-2.6.3/app/webroot/index.php(118): Dispatcher->dispatch(Object(CakeRequest), Object(CakeResponse))
#5 {main}
2015-04-15 09:31:33 Error: [NotFoundException] Invalid post
Request URL: /project1/cakephp-2.6.3/demos/edit
Stack Trace:
#0 [internal function]: DemosController->edit()
#1 /opt/lampp/htdocs/project1/cakephp-2.6.3/lib/Cake/Controller/Controller.php(490): ReflectionMethod->invokeArgs(Object(DemosController), Array)
#2 /opt/lampp/htdocs/project1/cakephp-2.6.3/lib/Cake/Routing/Dispatcher.php(193): Controller->invokeAction(Object(CakeRequest))
#3 /opt/lampp/htdocs/project1/cakephp-2.6.3/lib/Cake/Routing/Dispatcher.php(167): Dispatcher->_invoke(Object(DemosController), Object(CakeRequest))
#4 /opt/lampp/htdocs/project1/cakephp-2.6.3/app/webroot/index.php(118): Dispatcher->dispatch(Object(CakeRequest), Object(CakeResponse))
#5 {main}
2015-04-15 09:31:37 Error: [NotFoundException] Invalid post
Request URL: /project1/cakephp-2.6.3/demos/edit
Stack Trace:
#0 [internal function]: DemosController->edit()
#1 /opt/lampp/htdocs/project1/cakephp-2.6.3/lib/Cake/Controller/Controller.php(490): ReflectionMethod->invokeArgs(Object(DemosController), Array)
#2 /opt/lampp/htdocs/project1/cakephp-2.6.3/lib/Cake/Routing/Dispatcher.php(193): Controller->invokeAction(Object(CakeRequest))
#3 /opt/lampp/htdocs/project1/cakephp-2.6.3/lib/Cake/Routing/Dispatcher.php(167): Dispatcher->_invoke(Object(DemosController), Object(CakeRequest))
#4 /opt/lampp/htdocs/project1/cakephp-2.6.3/app/webroot/index.php(118): Dispatcher->dispatch(Object(CakeRequest), Object(CakeResponse))
#5 {main}
2015-04-15 09:32:40 Error: [NotFoundException] Invalid post
Request URL: /project1/cakephp-2.6.3/demos/edit
Stack Trace:
#0 [internal function]: DemosController->edit()
#1 /opt/lampp/htdocs/project1/cakephp-2.6.3/lib/Cake/Controller/Controller.php(490): ReflectionMethod->invokeArgs(Object(DemosController), Array)
#2 /opt/lampp/htdocs/project1/cakephp-2.6.3/lib/Cake/Routing/Dispatcher.php(193): Controller->invokeAction(Object(CakeRequest))
#3 /opt/lampp/htdocs/project1/cakephp-2.6.3/lib/Cake/Routing/Dispatcher.php(167): Dispatcher->_invoke(Object(DemosController), Object(CakeRequest))
#4 /opt/lampp/htdocs/project1/cakephp-2.6.3/app/webroot/index.php(118): Dispatcher->dispatch(Object(CakeRequest), Object(CakeResponse))
#5 {main}
2015-04-15 09:39:40 Error: [NotFoundException] Invalid post
Request URL: /project1/cakephp-2.6.3/demos/edit
Stack Trace:
#0 [internal function]: DemosController->edit()
#1 /opt/lampp/htdocs/project1/cakephp-2.6.3/lib/Cake/Controller/Controller.php(490): ReflectionMethod->invokeArgs(Object(DemosController), Array)
#2 /opt/lampp/htdocs/project1/cakephp-2.6.3/lib/Cake/Routing/Dispatcher.php(193): Controller->invokeAction(Object(CakeRequest))
#3 /opt/lampp/htdocs/project1/cakephp-2.6.3/lib/Cake/Routing/Dispatcher.php(167): Dispatcher->_invoke(Object(DemosController), Object(CakeRequest))
#4 /opt/lampp/htdocs/project1/cakephp-2.6.3/app/webroot/index.php(118): Dispatcher->dispatch(Object(CakeRequest), Object(CakeResponse))
#5 {main}
2015-04-15 09:41:16 Error: [NotFoundException] Invalid post
Request URL: /project1/cakephp-2.6.3/demos/edit
Stack Trace:
#0 [internal function]: DemosController->edit()
#1 /opt/lampp/htdocs/project1/cakephp-2.6.3/lib/Cake/Controller/Controller.php(490): ReflectionMethod->invokeArgs(Object(DemosController), Array)
#2 /opt/lampp/htdocs/project1/cakephp-2.6.3/lib/Cake/Routing/Dispatcher.php(193): Controller->invokeAction(Object(CakeRequest))
#3 /opt/lampp/htdocs/project1/cakephp-2.6.3/lib/Cake/Routing/Dispatcher.php(167): Dispatcher->_invoke(Object(DemosController), Object(CakeRequest))
#4 /opt/lampp/htdocs/project1/cakephp-2.6.3/app/webroot/index.php(118): Dispatcher->dispatch(Object(CakeRequest), Object(CakeResponse))
#5 {main}
2015-04-15 09:43:32 Error: [NotFoundException] Invalid post
Request URL: /project1/cakephp-2.6.3/demos/edit
Stack Trace:
#0 [internal function]: DemosController->edit()
#1 /opt/lampp/htdocs/project1/cakephp-2.6.3/lib/Cake/Controller/Controller.php(490): ReflectionMethod->invokeArgs(Object(DemosController), Array)
#2 /opt/lampp/htdocs/project1/cakephp-2.6.3/lib/Cake/Routing/Dispatcher.php(193): Controller->invokeAction(Object(CakeRequest))
#3 /opt/lampp/htdocs/project1/cakephp-2.6.3/lib/Cake/Routing/Dispatcher.php(167): Dispatcher->_invoke(Object(DemosController), Object(CakeRequest))
#4 /opt/lampp/htdocs/project1/cakephp-2.6.3/app/webroot/index.php(118): Dispatcher->dispatch(Object(CakeRequest), Object(CakeResponse))
#5 {main}
2015-04-15 09:43:43 Error: [NotFoundException] Invalid post
Request URL: /project1/cakephp-2.6.3/demos/edit
Stack Trace:
#0 [internal function]: DemosController->edit()
#1 /opt/lampp/htdocs/project1/cakephp-2.6.3/lib/Cake/Controller/Controller.php(490): ReflectionMethod->invokeArgs(Object(DemosController), Array)
#2 /opt/lampp/htdocs/project1/cakephp-2.6.3/lib/Cake/Routing/Dispatcher.php(193): Controller->invokeAction(Object(CakeRequest))
#3 /opt/lampp/htdocs/project1/cakephp-2.6.3/lib/Cake/Routing/Dispatcher.php(167): Dispatcher->_invoke(Object(DemosController), Object(CakeRequest))
#4 /opt/lampp/htdocs/project1/cakephp-2.6.3/app/webroot/index.php(118): Dispatcher->dispatch(Object(CakeRequest), Object(CakeResponse))
#5 {main}
2015-04-15 09:46:55 Error: Fatal Error (4): syntax error, unexpected 'public' (T_PUBLIC) in [/opt/lampp/htdocs/project1/cakephp-2.6.3/app/Controller/DemosController.php, line 49]
2015-04-15 09:46:55 Error: [FatalErrorException] syntax error, unexpected 'public' (T_PUBLIC)
Request URL: /project1/cakephp-2.6.3/demos/edit
Stack Trace:
#0 /opt/lampp/htdocs/project1/cakephp-2.6.3/lib/Cake/Error/ErrorHandler.php(213): ErrorHandler::handleFatalError(4, 'syntax error, u...', '/opt/lampp/htdo...', 49)
#1 [internal function]: ErrorHandler::handleError(4, 'syntax error, u...', '/opt/lampp/htdo...', 49, Array)
#2 /opt/lampp/htdocs/project1/cakephp-2.6.3/lib/Cake/Core/App.php(931): call_user_func('ErrorHandler::h...', 4, 'syntax error, u...', '/opt/lampp/htdo...', 49, Array)
#3 /opt/lampp/htdocs/project1/cakephp-2.6.3/lib/Cake/Core/App.php(904): App::_checkFatalError()
#4 [internal function]: App::shutdown()
#5 {main}
2015-04-15 09:47:21 Error: Fatal Error (1): Call to a member function save() on null in [/opt/lampp/htdocs/project1/cakephp-2.6.3/app/Controller/DemosController.php, line 40]
2015-04-15 09:47:21 Error: [FatalErrorException] Call to a member function save() on null
Request URL: /project1/cakephp-2.6.3/demos/edit
Stack Trace:
#0 /opt/lampp/htdocs/project1/cakephp-2.6.3/lib/Cake/Error/ErrorHandler.php(213): ErrorHandler::handleFatalError(1, 'Call to a membe...', '/opt/lampp/htdo...', 40)
#1 [internal function]: ErrorHandler::handleError(1, 'Call to a membe...', '/opt/lampp/htdo...', 40, Array)
#2 /opt/lampp/htdocs/project1/cakephp-2.6.3/lib/Cake/Core/App.php(931): call_user_func('ErrorHandler::h...', 1, 'Call to a membe...', '/opt/lampp/htdo...', 40, Array)
#3 /opt/lampp/htdocs/project1/cakephp-2.6.3/lib/Cake/Core/App.php(904): App::_checkFatalError()
#4 [internal function]: App::shutdown()
#5 {main}
2015-04-15 09:47:38 Error: [MissingControllerException] Controller class PostsController could not be found.
Exception Attributes: array (
  'class' => 'PostsController',
  'plugin' => NULL,
)
Request URL: /project1/cakephp-2.6.3/posts/index_user
Stack Trace:
#0 /opt/lampp/htdocs/project1/cakephp-2.6.3/app/webroot/index.php(118): Dispatcher->dispatch(Object(CakeRequest), Object(CakeResponse))
#1 {main}
2015-04-15 09:48:00 Error: [MissingControllerException] Controller class PostsController could not be found.
Exception Attributes: array (
  'class' => 'PostsController',
  'plugin' => NULL,
)
Request URL: /project1/cakephp-2.6.3/posts/index_user
Stack Trace:
#0 /opt/lampp/htdocs/project1/cakephp-2.6.3/app/webroot/index.php(118): Dispatcher->dispatch(Object(CakeRequest), Object(CakeResponse))
#1 {main}
2015-04-15 09:48:22 Error: [MissingControllerException] Controller class PostsController could not be found.
Exception Attributes: array (
  'class' => 'PostsController',
  'plugin' => NULL,
)
Request URL: /project1/cakephp-2.6.3/posts/index_user
Stack Trace:
#0 /opt/lampp/htdocs/project1/cakephp-2.6.3/app/webroot/index.php(118): Dispatcher->dispatch(Object(CakeRequest), Object(CakeResponse))
#1 {main}
